<?xml version="1.0" encoding="UTF-8"?>
<testsuite name="training.pft.addressbook.tests.GroupModificationTests" tests="1" skipped="0" failures="0" errors="0" timestamp="2017-12-01T17:58:56" hostname="drums013" time="1.781">
  <properties/>
  <testcase name="testGroupModification" classname="training.pft.addressbook.tests.GroupModificationTests" time="1.781"/>
  <system-out><![CDATA[]]></system-out>
  <system-err><![CDATA[]]></system-err>
</testsuite>
