<?xml version="1.0" encoding="UTF-8"?>
<testsuite name="training.pft.addressbook.tests.GroupCreationTests" tests="3" skipped="0" failures="0" errors="0" timestamp="2017-12-01T17:58:50" hostname="drums013" time="6.162">
  <properties/>
  <testcase name="testGroupCreation[0](GroupData{id='2147483647', name='test 0'})" classname="training.pft.addressbook.tests.GroupCreationTests" time="2.72"/>
  <testcase name="testGroupCreation[1](GroupData{id='2147483647', name='test 1'})" classname="training.pft.addressbook.tests.GroupCreationTests" time="1.661"/>
  <testcase name="testGroupCreation[2](GroupData{id='2147483647', name='test 2'})" classname="training.pft.addressbook.tests.GroupCreationTests" time="1.779"/>
  <system-out><![CDATA[]]></system-out>
  <system-err><![CDATA[]]></system-err>
</testsuite>
