<?xml version="1.0" encoding="UTF-8"?>
<testsuite name="training.pft.addressbook.tests.GroupDeletionTests" tests="1" skipped="0" failures="0" errors="0" timestamp="2017-12-01T17:58:58" hostname="drums013" time="1.175">
  <properties/>
  <testcase name="testGroupDeletion" classname="training.pft.addressbook.tests.GroupDeletionTests" time="1.175"/>
  <system-out><![CDATA[]]></system-out>
  <system-err><![CDATA[]]></system-err>
</testsuite>
