<?xml version="1.0" encoding="UTF-8"?>
<testsuite name="training.pft.addressbook.tests.ContactDeletionTests" tests="1" skipped="0" failures="0" errors="0" timestamp="2017-12-01T16:12:14" hostname="drums013" time="1.313">
  <properties/>
  <testcase name="testContactDeletion" classname="training.pft.addressbook.tests.ContactDeletionTests" time="1.313"/>
  <system-out><![CDATA[]]></system-out>
  <system-err><![CDATA[]]></system-err>
</testsuite>
