<?xml version="1.0" encoding="UTF-8"?>
<testsuite name="training.pft.addressbook.tests.GroupDeletionTests" tests="1" skipped="0" failures="0" errors="0" timestamp="2017-12-01T16:12:02" hostname="drums013" time="0.638">
  <properties/>
  <testcase name="testGroupDeletion" classname="training.pft.addressbook.tests.GroupDeletionTests" time="0.638"/>
  <system-out><![CDATA[]]></system-out>
  <system-err><![CDATA[]]></system-err>
</testsuite>
