<?xml version="1.0" encoding="UTF-8"?>
<testsuite name="training.pft.addressbook.tests.ContactCreationTests" tests="3" skipped="0" failures="0" errors="0" timestamp="2017-12-01T16:12:03" hostname="drums013" time="8.857">
  <properties/>
  <testcase name="testContactCreation[0](ContactData{id='2147483647', firstname='Vasya 0', lastname='Petrovich 0'})" classname="training.pft.addressbook.tests.ContactCreationTests" time="3.205"/>
  <testcase name="testContactCreation[1](ContactData{id='2147483647', firstname='Vasya 1', lastname='Petrovich 1'})" classname="training.pft.addressbook.tests.ContactCreationTests" time="3.007"/>
  <testcase name="testContactCreation[2](ContactData{id='2147483647', firstname='Vasya 2', lastname='Petrovich 2'})" classname="training.pft.addressbook.tests.ContactCreationTests" time="2.644"/>
  <system-out><![CDATA[]]></system-out>
  <system-err><![CDATA[]]></system-err>
</testsuite>
