<?xml version="1.0" encoding="UTF-8"?>
<testsuite name="training.pft.addressbook.tests.ContactModificationTests" tests="1" skipped="0" failures="0" errors="0" timestamp="2017-12-01T16:12:12" hostname="drums013" time="2.93">
  <properties/>
  <testcase name="testContactModification" classname="training.pft.addressbook.tests.ContactModificationTests" time="2.93"/>
  <system-out><![CDATA[]]></system-out>
  <system-err><![CDATA[]]></system-err>
</testsuite>
